<?xml version="1.0" encoding="UTF-8"?>
<testsuite name="com.rcq.rcqauth.service.AuthServiceTest" tests="5" skipped="0" failures="0" errors="0" timestamp="2023-08-10T05:04:53" hostname="guneegunees-MacBook-Air.local" time="0.774">
  <properties/>
  <testcase name="로그인시 존재하는 계정 mail check 테스트" classname="com.rcq.rcqauth.service.AuthServiceTest" time="0.271"/>
  <testcase name="로그인 check 테스트" classname="com.rcq.rcqauth.service.AuthServiceTest" time="0.175"/>
  <testcase name="메일 중복체크" classname="com.rcq.rcqauth.service.AuthServiceTest" time="0.084"/>
  <testcase name="닉네임 중복체크" classname="com.rcq.rcqauth.service.AuthServiceTest" time="0.083"/>
  <testcase name="로그인 password check 테스트" classname="com.rcq.rcqauth.service.AuthServiceTest" time="0.158"/>
  <system-out><![CDATA[14:04:51.751 [Test worker] DEBUG org.springframework.test.context.BootstrapUtils - Instantiating CacheAwareContextLoaderDelegate from class [org.springframework.test.context.cache.DefaultCacheAwareContextLoaderDelegate]
14:04:51.757 [Test worker] DEBUG org.springframework.test.context.BootstrapUtils - Instantiating BootstrapContext using constructor [public org.springframework.test.context.support.DefaultBootstrapContext(java.lang.Class,org.springframework.test.context.CacheAwareContextLoaderDelegate)]
14:04:51.772 [Test worker] DEBUG org.springframework.test.context.BootstrapUtils - Instantiating TestContextBootstrapper for test class [com.rcq.rcqauth.service.AuthServiceTest] from class [org.springframework.boot.test.context.SpringBootTestContextBootstrapper]
14:04:51.778 [Test worker] INFO org.springframework.boot.test.context.SpringBootTestContextBootstrapper - Neither @ContextConfiguration nor @ContextHierarchy found for test class [com.rcq.rcqauth.service.AuthServiceTest], using SpringBootContextLoader
14:04:51.780 [Test worker] DEBUG org.springframework.test.context.support.AbstractContextLoader - Did not detect default resource location for test class [com.rcq.rcqauth.service.AuthServiceTest]: class path resource [com/rcq/rcqauth/service/AuthServiceTest-context.xml] does not exist
14:04:51.780 [Test worker] DEBUG org.springframework.test.context.support.AbstractContextLoader - Did not detect default resource location for test class [com.rcq.rcqauth.service.AuthServiceTest]: class path resource [com/rcq/rcqauth/service/AuthServiceTestContext.groovy] does not exist
14:04:51.781 [Test worker] INFO org.springframework.test.context.support.AbstractContextLoader - Could not detect default resource locations for test class [com.rcq.rcqauth.service.AuthServiceTest]: no resource found for suffixes {-context.xml, Context.groovy}.
14:04:51.781 [Test worker] INFO org.springframework.test.context.support.AnnotationConfigContextLoaderUtils - Could not detect default configuration classes for test class [com.rcq.rcqauth.service.AuthServiceTest]: AuthServiceTest does not declare any static, non-private, non-final, nested classes annotated with @Configuration.
14:04:51.802 [Test worker] DEBUG org.springframework.test.context.support.ActiveProfilesUtils - Could not find an 'annotation declaring class' for annotation type [org.springframework.test.context.ActiveProfiles] and class [com.rcq.rcqauth.service.AuthServiceTest]
14:04:51.833 [Test worker] DEBUG org.springframework.context.annotation.ClassPathScanningCandidateComponentProvider - Identified candidate component class: file [/Users/guneegunee/RCQSevice/rcqback/rcqauth/build/classes/java/main/com/rcq/rcqauth/RcqauthApplication.class]
14:04:51.833 [Test worker] INFO org.springframework.boot.test.context.SpringBootTestContextBootstrapper - Found @SpringBootConfiguration com.rcq.rcqauth.RcqauthApplication for test class com.rcq.rcqauth.service.AuthServiceTest
14:04:51.893 [Test worker] DEBUG org.springframework.boot.test.context.SpringBootTestContextBootstrapper - @TestExecutionListeners is not present for class [com.rcq.rcqauth.service.AuthServiceTest]: using defaults.
14:04:51.893 [Test worker] INFO org.springframework.boot.test.context.SpringBootTestContextBootstrapper - Loaded default TestExecutionListener class names from location [META-INF/spring.factories]: [org.springframework.security.test.context.support.WithSecurityContextTestExecutionListener, org.springframework.security.test.context.support.ReactorContextTestExecutionListener, org.springframework.boot.test.autoconfigure.restdocs.RestDocsTestExecutionListener, org.springframework.boot.test.autoconfigure.web.client.MockRestServiceServerResetTestExecutionListener, org.springframework.boot.test.autoconfigure.web.servlet.MockMvcPrintOnlyOnFailureTestExecutionListener, org.springframework.boot.test.autoconfigure.web.servlet.WebDriverTestExecutionListener, org.springframework.boot.test.autoconfigure.webservices.client.MockWebServiceServerTestExecutionListener, org.springframework.boot.test.mock.mockito.MockitoTestExecutionListener, org.springframework.boot.test.mock.mockito.ResetMocksTestExecutionListener, org.springframework.test.context.web.ServletTestExecutionListener, org.springframework.test.context.support.DirtiesContextBeforeModesTestExecutionListener, org.springframework.test.context.event.ApplicationEventsTestExecutionListener, org.springframework.test.context.support.DependencyInjectionTestExecutionListener, org.springframework.test.context.support.DirtiesContextTestExecutionListener, org.springframework.test.context.transaction.TransactionalTestExecutionListener, org.springframework.test.context.jdbc.SqlScriptsTestExecutionListener, org.springframework.test.context.event.EventPublishingTestExecutionListener]
14:04:51.903 [Test worker] INFO org.springframework.boot.test.context.SpringBootTestContextBootstrapper - Using TestExecutionListeners: [org.springframework.test.context.web.ServletTestExecutionListener@512d92b, org.springframework.test.context.support.DirtiesContextBeforeModesTestExecutionListener@62c5bbdc, org.springframework.test.context.event.ApplicationEventsTestExecutionListener@7bdf6bb7, org.springframework.boot.test.mock.mockito.MockitoTestExecutionListener@1bc53649, org.springframework.boot.test.autoconfigure.SpringBootDependencyInjectionTestExecutionListener@88d6f9b, org.springframework.test.context.support.DirtiesContextTestExecutionListener@47d93e0d, org.springframework.test.context.transaction.TransactionalTestExecutionListener@475b7792, org.springframework.test.context.jdbc.SqlScriptsTestExecutionListener@751e664e, org.springframework.security.test.context.support.WithSecurityContextTestExecutionListener@160c3ec1, org.springframework.test.context.event.EventPublishingTestExecutionListener@182b435b, org.springframework.security.test.context.support.ReactorContextTestExecutionListener@4d0402b, org.springframework.boot.test.autoconfigure.restdocs.RestDocsTestExecutionListener@2fa7ae9, org.springframework.boot.test.autoconfigure.web.client.MockRestServiceServerResetTestExecutionListener@7577b641, org.springframework.boot.test.autoconfigure.web.servlet.MockMvcPrintOnlyOnFailureTestExecutionListener@3704122f, org.springframework.boot.test.autoconfigure.web.servlet.WebDriverTestExecutionListener@3153ddfc, org.springframework.boot.test.autoconfigure.webservices.client.MockWebServiceServerTestExecutionListener@60afd40d, org.springframework.boot.test.mock.mockito.ResetMocksTestExecutionListener@28a2a3e7]
14:04:51.905 [Test worker] DEBUG org.springframework.test.context.support.AbstractDirtiesContextTestExecutionListener - Before test class: context [DefaultTestContext@5cbf9e9f testClass = AuthServiceTest, testInstance = [null], testMethod = [null], testException = [null], mergedContextConfiguration = [WebMergedContextConfiguration@18e8473e testClass = AuthServiceTest, locations = '{}', classes = '{class com.rcq.rcqauth.RcqauthApplication}', contextInitializerClasses = '[]', activeProfiles = '{}', propertySourceLocations = '{}', propertySourceProperties = '{org.springframework.boot.test.context.SpringBootTestContextBootstrapper=true}', contextCustomizers = set[org.springframework.boot.test.autoconfigure.actuate.metrics.MetricsExportContextCustomizerFactory$DisableMetricExportContextCustomizer@1698fc68, org.springframework.boot.test.autoconfigure.properties.PropertyMappingContextCustomizer@0, org.springframework.boot.test.autoconfigure.web.servlet.WebDriverContextCustomizerFactory$Customizer@792bbc74, org.springframework.boot.test.context.filter.ExcludeFilterContextCustomizer@338494fa, org.springframework.boot.test.json.DuplicateJsonObjectContextCustomizerFactory$DuplicateJsonObjectContextCustomizer@19ae6bb, org.springframework.boot.test.mock.mockito.MockitoContextCustomizer@0, org.springframework.boot.test.web.client.TestRestTemplateContextCustomizer@3fffff43, org.springframework.boot.test.context.SpringBootTestArgs@1, org.springframework.boot.test.context.SpringBootTestWebEnvironment@13d9cbf5], resourceBasePath = 'src/main/webapp', contextLoader = 'org.springframework.boot.test.context.SpringBootContextLoader', parent = [null]], attributes = map['org.springframework.test.context.web.ServletTestExecutionListener.activateListener' -> true]], class annotated with @DirtiesContext [false] with mode [null].

  .   ____          _            __ _ _
 /\\ / ___'_ __ _ _(_)_ __  __ _ \ \ \ \
( ( )\___ | '_ | '_| | '_ \/ _` | \ \ \ \
 \\/  ___)| |_)| | | | | || (_| |  ) ) ) )
  '  |____| .__|_| |_|_| |_\__, | / / / /
 =========|_|==============|___/=/_/_/_/
 :: Spring Boot ::               (v2.7.14)

2023-08-10 14:04:52.089  INFO 69842 --- [    Test worker] com.rcq.rcqauth.service.AuthServiceTest  : Starting AuthServiceTest using Java 11.0.15 on guneegunees-MacBook-Air.local with PID 69842 (started by guneegunee in /Users/guneegunee/RCQSevice/rcqback/rcqauth)
2023-08-10 14:04:52.090  INFO 69842 --- [    Test worker] com.rcq.rcqauth.service.AuthServiceTest  : No active profile set, falling back to 1 default profile: "default"
2023-08-10 14:04:52.415  INFO 69842 --- [    Test worker] .s.d.r.c.RepositoryConfigurationDelegate : Bootstrapping Spring Data JPA repositories in DEFAULT mode.
2023-08-10 14:04:52.440  INFO 69842 --- [    Test worker] .s.d.r.c.RepositoryConfigurationDelegate : Finished Spring Data repository scanning in 21 ms. Found 1 JPA repository interfaces.
2023-08-10 14:04:52.728  INFO 69842 --- [    Test worker] o.hibernate.jpa.internal.util.LogHelper  : HHH000204: Processing PersistenceUnitInfo [name: default]
2023-08-10 14:04:52.756  INFO 69842 --- [    Test worker] org.hibernate.Version                    : HHH000412: Hibernate ORM core version 5.6.15.Final
2023-08-10 14:04:52.865  INFO 69842 --- [    Test worker] o.hibernate.annotations.common.Version   : HCANN000001: Hibernate Commons Annotations {5.1.2.Final}
2023-08-10 14:04:52.918  INFO 69842 --- [    Test worker] com.zaxxer.hikari.HikariDataSource       : HikariPool-1 - Starting...
2023-08-10 14:04:52.971  INFO 69842 --- [    Test worker] com.zaxxer.hikari.HikariDataSource       : HikariPool-1 - Start completed.
2023-08-10 14:04:52.990  INFO 69842 --- [    Test worker] org.hibernate.dialect.Dialect            : HHH000400: Using dialect: org.hibernate.dialect.MariaDB53Dialect
2023-08-10 14:04:53.273  INFO 69842 --- [    Test worker] o.h.e.t.j.p.i.JtaPlatformInitiator       : HHH000490: Using JtaPlatform implementation: [org.hibernate.engine.transaction.jta.platform.internal.NoJtaPlatform]
2023-08-10 14:04:53.278  INFO 69842 --- [    Test worker] j.LocalContainerEntityManagerFactoryBean : Initialized JPA EntityManagerFactory for persistence unit 'default'
2023-08-10 14:04:53.525  WARN 69842 --- [    Test worker] .s.s.UserDetailsServiceAutoConfiguration : 

Using generated security password: 44977fd6-e449-4546-9cbf-10ea95bd4d11

This generated password is for development use only. Your security configuration must be updated before running your application in production.

2023-08-10 14:04:53.595  INFO 69842 --- [    Test worker] o.s.s.web.DefaultSecurityFilterChain     : Will secure any request with [org.springframework.security.web.session.DisableEncodeUrlFilter@52849956, org.springframework.security.web.context.request.async.WebAsyncManagerIntegrationFilter@ab94a32, org.springframework.security.web.context.SecurityContextPersistenceFilter@7b0dfa91, org.springframework.security.web.header.HeaderWriterFilter@4a7e469d, org.springframework.security.web.authentication.logout.LogoutFilter@ea45a5b, org.springframework.security.web.savedrequest.RequestCacheAwareFilter@7e532f2d, org.springframework.security.web.servletapi.SecurityContextHolderAwareRequestFilter@4797023d, org.springframework.security.web.authentication.AnonymousAuthenticationFilter@70273633, org.springframework.security.web.session.SessionManagementFilter@131c5bd, org.springframework.security.web.access.ExceptionTranslationFilter@6fbfd28b]
2023-08-10 14:04:53.959  INFO 69842 --- [    Test worker] com.rcq.rcqauth.service.AuthServiceTest  : Started AuthServiceTest in 2.029 seconds (JVM running for 2.774)
2023-08-10 14:04:53.973  INFO 69842 --- [    Test worker] o.s.t.c.transaction.TransactionContext   : Began transaction (1) for test context [DefaultTestContext@5cbf9e9f testClass = AuthServiceTest, testInstance = com.rcq.rcqauth.service.AuthServiceTest@78e34499, testMethod = checkUserMail@AuthServiceTest, testException = [null], mergedContextConfiguration = [WebMergedContextConfiguration@18e8473e testClass = AuthServiceTest, locations = '{}', classes = '{class com.rcq.rcqauth.RcqauthApplication}', contextInitializerClasses = '[]', activeProfiles = '{}', propertySourceLocations = '{}', propertySourceProperties = '{org.springframework.boot.test.context.SpringBootTestContextBootstrapper=true}', contextCustomizers = set[org.springframework.boot.test.autoconfigure.actuate.metrics.MetricsExportContextCustomizerFactory$DisableMetricExportContextCustomizer@1698fc68, org.springframework.boot.test.autoconfigure.properties.PropertyMappingContextCustomizer@0, org.springframework.boot.test.autoconfigure.web.servlet.WebDriverContextCustomizerFactory$Customizer@792bbc74, org.springframework.boot.test.context.filter.ExcludeFilterContextCustomizer@338494fa, org.springframework.boot.test.json.DuplicateJsonObjectContextCustomizerFactory$DuplicateJsonObjectContextCustomizer@19ae6bb, org.springframework.boot.test.mock.mockito.MockitoContextCustomizer@0, org.springframework.boot.test.web.client.TestRestTemplateContextCustomizer@3fffff43, org.springframework.boot.test.context.SpringBootTestArgs@1, org.springframework.boot.test.context.SpringBootTestWebEnvironment@13d9cbf5], resourceBasePath = 'src/main/webapp', contextLoader = 'org.springframework.boot.test.context.SpringBootContextLoader', parent = [null]], attributes = map['org.springframework.test.context.web.ServletTestExecutionListener.activateListener' -> true, 'org.springframework.test.context.web.ServletTestExecutionListener.populatedRequestContextHolder' -> true, 'org.springframework.test.context.web.ServletTestExecutionListener.resetRequestContextHolder' -> true, 'org.springframework.test.context.event.ApplicationEventsTestExecutionListener.recordApplicationEvents' -> false]]; transaction manager [org.springframework.orm.jpa.JpaTransactionManager@752e4223]; rollback [true]
Hibernate: insert into users (nickname, password, usermail) values (?, ?, ?)
Hibernate: select user0_.id as id1_0_, user0_.nickname as nickname2_0_, user0_.password as password3_0_, user0_.usermail as usermail4_0_ from users user0_ where user0_.usermail=?
Hibernate: select user0_.id as col_0_0_ from users user0_ where user0_.usermail=? limit ?
2023-08-10 14:04:54.237  INFO 69842 --- [    Test worker] o.s.t.c.transaction.TransactionContext   : Rolled back transaction for test: [DefaultTestContext@5cbf9e9f testClass = AuthServiceTest, testInstance = com.rcq.rcqauth.service.AuthServiceTest@78e34499, testMethod = checkUserMail@AuthServiceTest, testException = [null], mergedContextConfiguration = [WebMergedContextConfiguration@18e8473e testClass = AuthServiceTest, locations = '{}', classes = '{class com.rcq.rcqauth.RcqauthApplication}', contextInitializerClasses = '[]', activeProfiles = '{}', propertySourceLocations = '{}', propertySourceProperties = '{org.springframework.boot.test.context.SpringBootTestContextBootstrapper=true}', contextCustomizers = set[org.springframework.boot.test.autoconfigure.actuate.metrics.MetricsExportContextCustomizerFactory$DisableMetricExportContextCustomizer@1698fc68, org.springframework.boot.test.autoconfigure.properties.PropertyMappingContextCustomizer@0, org.springframework.boot.test.autoconfigure.web.servlet.WebDriverContextCustomizerFactory$Customizer@792bbc74, org.springframework.boot.test.context.filter.ExcludeFilterContextCustomizer@338494fa, org.springframework.boot.test.json.DuplicateJsonObjectContextCustomizerFactory$DuplicateJsonObjectContextCustomizer@19ae6bb, org.springframework.boot.test.mock.mockito.MockitoContextCustomizer@0, org.springframework.boot.test.web.client.TestRestTemplateContextCustomizer@3fffff43, org.springframework.boot.test.context.SpringBootTestArgs@1, org.springframework.boot.test.context.SpringBootTestWebEnvironment@13d9cbf5], resourceBasePath = 'src/main/webapp', contextLoader = 'org.springframework.boot.test.context.SpringBootContextLoader', parent = [null]], attributes = map['org.springframework.test.context.web.ServletTestExecutionListener.activateListener' -> true, 'org.springframework.test.context.web.ServletTestExecutionListener.populatedRequestContextHolder' -> true, 'org.springframework.test.context.web.ServletTestExecutionListener.resetRequestContextHolder' -> true, 'org.springframework.test.context.event.ApplicationEventsTestExecutionListener.recordApplicationEvents' -> false]]
2023-08-10 14:04:54.241  INFO 69842 --- [    Test worker] o.s.t.c.transaction.TransactionContext   : Began transaction (1) for test context [DefaultTestContext@5cbf9e9f testClass = AuthServiceTest, testInstance = com.rcq.rcqauth.service.AuthServiceTest@21b792c2, testMethod = checkUserLogin@AuthServiceTest, testException = [null], mergedContextConfiguration = [WebMergedContextConfiguration@18e8473e testClass = AuthServiceTest, locations = '{}', classes = '{class com.rcq.rcqauth.RcqauthApplication}', contextInitializerClasses = '[]', activeProfiles = '{}', propertySourceLocations = '{}', propertySourceProperties = '{org.springframework.boot.test.context.SpringBootTestContextBootstrapper=true}', contextCustomizers = set[org.springframework.boot.test.autoconfigure.actuate.metrics.MetricsExportContextCustomizerFactory$DisableMetricExportContextCustomizer@1698fc68, org.springframework.boot.test.autoconfigure.properties.PropertyMappingContextCustomizer@0, org.springframework.boot.test.autoconfigure.web.servlet.WebDriverContextCustomizerFactory$Customizer@792bbc74, org.springframework.boot.test.context.filter.ExcludeFilterContextCustomizer@338494fa, org.springframework.boot.test.json.DuplicateJsonObjectContextCustomizerFactory$DuplicateJsonObjectContextCustomizer@19ae6bb, org.springframework.boot.test.mock.mockito.MockitoContextCustomizer@0, org.springframework.boot.test.web.client.TestRestTemplateContextCustomizer@3fffff43, org.springframework.boot.test.context.SpringBootTestArgs@1, org.springframework.boot.test.context.SpringBootTestWebEnvironment@13d9cbf5], resourceBasePath = 'src/main/webapp', contextLoader = 'org.springframework.boot.test.context.SpringBootContextLoader', parent = [null]], attributes = map['org.springframework.test.context.web.ServletTestExecutionListener.activateListener' -> true, 'org.springframework.test.context.web.ServletTestExecutionListener.populatedRequestContextHolder' -> true, 'org.springframework.test.context.web.ServletTestExecutionListener.resetRequestContextHolder' -> true, 'org.springframework.test.context.event.ApplicationEventsTestExecutionListener.recordApplicationEvents' -> false]]; transaction manager [org.springframework.orm.jpa.JpaTransactionManager@752e4223]; rollback [true]
Hibernate: insert into users (nickname, password, usermail) values (?, ?, ?)
Hibernate: select user0_.id as id1_0_, user0_.nickname as nickname2_0_, user0_.password as password3_0_, user0_.usermail as usermail4_0_ from users user0_ where user0_.usermail=?
2023-08-10 14:04:54.414  INFO 69842 --- [    Test worker] o.s.t.c.transaction.TransactionContext   : Rolled back transaction for test: [DefaultTestContext@5cbf9e9f testClass = AuthServiceTest, testInstance = com.rcq.rcqauth.service.AuthServiceTest@21b792c2, testMethod = checkUserLogin@AuthServiceTest, testException = [null], mergedContextConfiguration = [WebMergedContextConfiguration@18e8473e testClass = AuthServiceTest, locations = '{}', classes = '{class com.rcq.rcqauth.RcqauthApplication}', contextInitializerClasses = '[]', activeProfiles = '{}', propertySourceLocations = '{}', propertySourceProperties = '{org.springframework.boot.test.context.SpringBootTestContextBootstrapper=true}', contextCustomizers = set[org.springframework.boot.test.autoconfigure.actuate.metrics.MetricsExportContextCustomizerFactory$DisableMetricExportContextCustomizer@1698fc68, org.springframework.boot.test.autoconfigure.properties.PropertyMappingContextCustomizer@0, org.springframework.boot.test.autoconfigure.web.servlet.WebDriverContextCustomizerFactory$Customizer@792bbc74, org.springframework.boot.test.context.filter.ExcludeFilterContextCustomizer@338494fa, org.springframework.boot.test.json.DuplicateJsonObjectContextCustomizerFactory$DuplicateJsonObjectContextCustomizer@19ae6bb, org.springframework.boot.test.mock.mockito.MockitoContextCustomizer@0, org.springframework.boot.test.web.client.TestRestTemplateContextCustomizer@3fffff43, org.springframework.boot.test.context.SpringBootTestArgs@1, org.springframework.boot.test.context.SpringBootTestWebEnvironment@13d9cbf5], resourceBasePath = 'src/main/webapp', contextLoader = 'org.springframework.boot.test.context.SpringBootContextLoader', parent = [null]], attributes = map['org.springframework.test.context.web.ServletTestExecutionListener.activateListener' -> true, 'org.springframework.test.context.web.ServletTestExecutionListener.populatedRequestContextHolder' -> true, 'org.springframework.test.context.web.ServletTestExecutionListener.resetRequestContextHolder' -> true, 'org.springframework.test.context.event.ApplicationEventsTestExecutionListener.recordApplicationEvents' -> false]]
2023-08-10 14:04:54.416  INFO 69842 --- [    Test worker] o.s.t.c.transaction.TransactionContext   : Began transaction (1) for test context [DefaultTestContext@5cbf9e9f testClass = AuthServiceTest, testInstance = com.rcq.rcqauth.service.AuthServiceTest@77331437, testMethod = emailDuplicateCheck@AuthServiceTest, testException = [null], mergedContextConfiguration = [WebMergedContextConfiguration@18e8473e testClass = AuthServiceTest, locations = '{}', classes = '{class com.rcq.rcqauth.RcqauthApplication}', contextInitializerClasses = '[]', activeProfiles = '{}', propertySourceLocations = '{}', propertySourceProperties = '{org.springframework.boot.test.context.SpringBootTestContextBootstrapper=true}', contextCustomizers = set[org.springframework.boot.test.autoconfigure.actuate.metrics.MetricsExportContextCustomizerFactory$DisableMetricExportContextCustomizer@1698fc68, org.springframework.boot.test.autoconfigure.properties.PropertyMappingContextCustomizer@0, org.springframework.boot.test.autoconfigure.web.servlet.WebDriverContextCustomizerFactory$Customizer@792bbc74, org.springframework.boot.test.context.filter.ExcludeFilterContextCustomizer@338494fa, org.springframework.boot.test.json.DuplicateJsonObjectContextCustomizerFactory$DuplicateJsonObjectContextCustomizer@19ae6bb, org.springframework.boot.test.mock.mockito.MockitoContextCustomizer@0, org.springframework.boot.test.web.client.TestRestTemplateContextCustomizer@3fffff43, org.springframework.boot.test.context.SpringBootTestArgs@1, org.springframework.boot.test.context.SpringBootTestWebEnvironment@13d9cbf5], resourceBasePath = 'src/main/webapp', contextLoader = 'org.springframework.boot.test.context.SpringBootContextLoader', parent = [null]], attributes = map['org.springframework.test.context.web.ServletTestExecutionListener.activateListener' -> true, 'org.springframework.test.context.web.ServletTestExecutionListener.populatedRequestContextHolder' -> true, 'org.springframework.test.context.web.ServletTestExecutionListener.resetRequestContextHolder' -> true, 'org.springframework.test.context.event.ApplicationEventsTestExecutionListener.recordApplicationEvents' -> false]]; transaction manager [org.springframework.orm.jpa.JpaTransactionManager@752e4223]; rollback [true]
Hibernate: insert into users (nickname, password, usermail) values (?, ?, ?)
Hibernate: select user0_.id as col_0_0_ from users user0_ where user0_.usermail=? limit ?
Hibernate: select user0_.id as col_0_0_ from users user0_ where user0_.usermail=? limit ?
2023-08-10 14:04:54.499  INFO 69842 --- [    Test worker] o.s.t.c.transaction.TransactionContext   : Rolled back transaction for test: [DefaultTestContext@5cbf9e9f testClass = AuthServiceTest, testInstance = com.rcq.rcqauth.service.AuthServiceTest@77331437, testMethod = emailDuplicateCheck@AuthServiceTest, testException = [null], mergedContextConfiguration = [WebMergedContextConfiguration@18e8473e testClass = AuthServiceTest, locations = '{}', classes = '{class com.rcq.rcqauth.RcqauthApplication}', contextInitializerClasses = '[]', activeProfiles = '{}', propertySourceLocations = '{}', propertySourceProperties = '{org.springframework.boot.test.context.SpringBootTestContextBootstrapper=true}', contextCustomizers = set[org.springframework.boot.test.autoconfigure.actuate.metrics.MetricsExportContextCustomizerFactory$DisableMetricExportContextCustomizer@1698fc68, org.springframework.boot.test.autoconfigure.properties.PropertyMappingContextCustomizer@0, org.springframework.boot.test.autoconfigure.web.servlet.WebDriverContextCustomizerFactory$Customizer@792bbc74, org.springframework.boot.test.context.filter.ExcludeFilterContextCustomizer@338494fa, org.springframework.boot.test.json.DuplicateJsonObjectContextCustomizerFactory$DuplicateJsonObjectContextCustomizer@19ae6bb, org.springframework.boot.test.mock.mockito.MockitoContextCustomizer@0, org.springframework.boot.test.web.client.TestRestTemplateContextCustomizer@3fffff43, org.springframework.boot.test.context.SpringBootTestArgs@1, org.springframework.boot.test.context.SpringBootTestWebEnvironment@13d9cbf5], resourceBasePath = 'src/main/webapp', contextLoader = 'org.springframework.boot.test.context.SpringBootContextLoader', parent = [null]], attributes = map['org.springframework.test.context.web.ServletTestExecutionListener.activateListener' -> true, 'org.springframework.test.context.web.ServletTestExecutionListener.populatedRequestContextHolder' -> true, 'org.springframework.test.context.web.ServletTestExecutionListener.resetRequestContextHolder' -> true, 'org.springframework.test.context.event.ApplicationEventsTestExecutionListener.recordApplicationEvents' -> false]]
2023-08-10 14:04:54.500  INFO 69842 --- [    Test worker] o.s.t.c.transaction.TransactionContext   : Began transaction (1) for test context [DefaultTestContext@5cbf9e9f testClass = AuthServiceTest, testInstance = com.rcq.rcqauth.service.AuthServiceTest@321302bc, testMethod = nicknameDuplicateCheck@AuthServiceTest, testException = [null], mergedContextConfiguration = [WebMergedContextConfiguration@18e8473e testClass = AuthServiceTest, locations = '{}', classes = '{class com.rcq.rcqauth.RcqauthApplication}', contextInitializerClasses = '[]', activeProfiles = '{}', propertySourceLocations = '{}', propertySourceProperties = '{org.springframework.boot.test.context.SpringBootTestContextBootstrapper=true}', contextCustomizers = set[org.springframework.boot.test.autoconfigure.actuate.metrics.MetricsExportContextCustomizerFactory$DisableMetricExportContextCustomizer@1698fc68, org.springframework.boot.test.autoconfigure.properties.PropertyMappingContextCustomizer@0, org.springframework.boot.test.autoconfigure.web.servlet.WebDriverContextCustomizerFactory$Customizer@792bbc74, org.springframework.boot.test.context.filter.ExcludeFilterContextCustomizer@338494fa, org.springframework.boot.test.json.DuplicateJsonObjectContextCustomizerFactory$DuplicateJsonObjectContextCustomizer@19ae6bb, org.springframework.boot.test.mock.mockito.MockitoContextCustomizer@0, org.springframework.boot.test.web.client.TestRestTemplateContextCustomizer@3fffff43, org.springframework.boot.test.context.SpringBootTestArgs@1, org.springframework.boot.test.context.SpringBootTestWebEnvironment@13d9cbf5], resourceBasePath = 'src/main/webapp', contextLoader = 'org.springframework.boot.test.context.SpringBootContextLoader', parent = [null]], attributes = map['org.springframework.test.context.web.ServletTestExecutionListener.activateListener' -> true, 'org.springframework.test.context.web.ServletTestExecutionListener.populatedRequestContextHolder' -> true, 'org.springframework.test.context.web.ServletTestExecutionListener.resetRequestContextHolder' -> true, 'org.springframework.test.context.event.ApplicationEventsTestExecutionListener.recordApplicationEvents' -> false]]; transaction manager [org.springframework.orm.jpa.JpaTransactionManager@752e4223]; rollback [true]
Hibernate: insert into users (nickname, password, usermail) values (?, ?, ?)
Hibernate: select user0_.id as col_0_0_ from users user0_ where user0_.nickname=? limit ?
Hibernate: select user0_.id as col_0_0_ from users user0_ where user0_.nickname=? limit ?
2023-08-10 14:04:54.583  INFO 69842 --- [    Test worker] o.s.t.c.transaction.TransactionContext   : Rolled back transaction for test: [DefaultTestContext@5cbf9e9f testClass = AuthServiceTest, testInstance = com.rcq.rcqauth.service.AuthServiceTest@321302bc, testMethod = nicknameDuplicateCheck@AuthServiceTest, testException = [null], mergedContextConfiguration = [WebMergedContextConfiguration@18e8473e testClass = AuthServiceTest, locations = '{}', classes = '{class com.rcq.rcqauth.RcqauthApplication}', contextInitializerClasses = '[]', activeProfiles = '{}', propertySourceLocations = '{}', propertySourceProperties = '{org.springframework.boot.test.context.SpringBootTestContextBootstrapper=true}', contextCustomizers = set[org.springframework.boot.test.autoconfigure.actuate.metrics.MetricsExportContextCustomizerFactory$DisableMetricExportContextCustomizer@1698fc68, org.springframework.boot.test.autoconfigure.properties.PropertyMappingContextCustomizer@0, org.springframework.boot.test.autoconfigure.web.servlet.WebDriverContextCustomizerFactory$Customizer@792bbc74, org.springframework.boot.test.context.filter.ExcludeFilterContextCustomizer@338494fa, org.springframework.boot.test.json.DuplicateJsonObjectContextCustomizerFactory$DuplicateJsonObjectContextCustomizer@19ae6bb, org.springframework.boot.test.mock.mockito.MockitoContextCustomizer@0, org.springframework.boot.test.web.client.TestRestTemplateContextCustomizer@3fffff43, org.springframework.boot.test.context.SpringBootTestArgs@1, org.springframework.boot.test.context.SpringBootTestWebEnvironment@13d9cbf5], resourceBasePath = 'src/main/webapp', contextLoader = 'org.springframework.boot.test.context.SpringBootContextLoader', parent = [null]], attributes = map['org.springframework.test.context.web.ServletTestExecutionListener.activateListener' -> true, 'org.springframework.test.context.web.ServletTestExecutionListener.populatedRequestContextHolder' -> true, 'org.springframework.test.context.web.ServletTestExecutionListener.resetRequestContextHolder' -> true, 'org.springframework.test.context.event.ApplicationEventsTestExecutionListener.recordApplicationEvents' -> false]]
2023-08-10 14:04:54.586  INFO 69842 --- [    Test worker] o.s.t.c.transaction.TransactionContext   : Began transaction (1) for test context [DefaultTestContext@5cbf9e9f testClass = AuthServiceTest, testInstance = com.rcq.rcqauth.service.AuthServiceTest@3a1540be, testMethod = checkUserPassword@AuthServiceTest, testException = [null], mergedContextConfiguration = [WebMergedContextConfiguration@18e8473e testClass = AuthServiceTest, locations = '{}', classes = '{class com.rcq.rcqauth.RcqauthApplication}', contextInitializerClasses = '[]', activeProfiles = '{}', propertySourceLocations = '{}', propertySourceProperties = '{org.springframework.boot.test.context.SpringBootTestContextBootstrapper=true}', contextCustomizers = set[org.springframework.boot.test.autoconfigure.actuate.metrics.MetricsExportContextCustomizerFactory$DisableMetricExportContextCustomizer@1698fc68, org.springframework.boot.test.autoconfigure.properties.PropertyMappingContextCustomizer@0, org.springframework.boot.test.autoconfigure.web.servlet.WebDriverContextCustomizerFactory$Customizer@792bbc74, org.springframework.boot.test.context.filter.ExcludeFilterContextCustomizer@338494fa, org.springframework.boot.test.json.DuplicateJsonObjectContextCustomizerFactory$DuplicateJsonObjectContextCustomizer@19ae6bb, org.springframework.boot.test.mock.mockito.MockitoContextCustomizer@0, org.springframework.boot.test.web.client.TestRestTemplateContextCustomizer@3fffff43, org.springframework.boot.test.context.SpringBootTestArgs@1, org.springframework.boot.test.context.SpringBootTestWebEnvironment@13d9cbf5], resourceBasePath = 'src/main/webapp', contextLoader = 'org.springframework.boot.test.context.SpringBootContextLoader', parent = [null]], attributes = map['org.springframework.test.context.web.ServletTestExecutionListener.activateListener' -> true, 'org.springframework.test.context.web.ServletTestExecutionListener.populatedRequestContextHolder' -> true, 'org.springframework.test.context.web.ServletTestExecutionListener.resetRequestContextHolder' -> true, 'org.springframework.test.context.event.ApplicationEventsTestExecutionListener.recordApplicationEvents' -> false]]; transaction manager [org.springframework.orm.jpa.JpaTransactionManager@752e4223]; rollback [true]
Hibernate: insert into users (nickname, password, usermail) values (?, ?, ?)
Hibernate: select user0_.id as id1_0_, user0_.nickname as nickname2_0_, user0_.password as password3_0_, user0_.usermail as usermail4_0_ from users user0_ where user0_.usermail=?
2023-08-10 14:04:54.742  INFO 69842 --- [    Test worker] o.s.t.c.transaction.TransactionContext   : Rolled back transaction for test: [DefaultTestContext@5cbf9e9f testClass = AuthServiceTest, testInstance = com.rcq.rcqauth.service.AuthServiceTest@3a1540be, testMethod = checkUserPassword@AuthServiceTest, testException = [null], mergedContextConfiguration = [WebMergedContextConfiguration@18e8473e testClass = AuthServiceTest, locations = '{}', classes = '{class com.rcq.rcqauth.RcqauthApplication}', contextInitializerClasses = '[]', activeProfiles = '{}', propertySourceLocations = '{}', propertySourceProperties = '{org.springframework.boot.test.context.SpringBootTestContextBootstrapper=true}', contextCustomizers = set[org.springframework.boot.test.autoconfigure.actuate.metrics.MetricsExportContextCustomizerFactory$DisableMetricExportContextCustomizer@1698fc68, org.springframework.boot.test.autoconfigure.properties.PropertyMappingContextCustomizer@0, org.springframework.boot.test.autoconfigure.web.servlet.WebDriverContextCustomizerFactory$Customizer@792bbc74, org.springframework.boot.test.context.filter.ExcludeFilterContextCustomizer@338494fa, org.springframework.boot.test.json.DuplicateJsonObjectContextCustomizerFactory$DuplicateJsonObjectContextCustomizer@19ae6bb, org.springframework.boot.test.mock.mockito.MockitoContextCustomizer@0, org.springframework.boot.test.web.client.TestRestTemplateContextCustomizer@3fffff43, org.springframework.boot.test.context.SpringBootTestArgs@1, org.springframework.boot.test.context.SpringBootTestWebEnvironment@13d9cbf5], resourceBasePath = 'src/main/webapp', contextLoader = 'org.springframework.boot.test.context.SpringBootContextLoader', parent = [null]], attributes = map['org.springframework.test.context.web.ServletTestExecutionListener.activateListener' -> true, 'org.springframework.test.context.web.ServletTestExecutionListener.populatedRequestContextHolder' -> true, 'org.springframework.test.context.web.ServletTestExecutionListener.resetRequestContextHolder' -> true, 'org.springframework.test.context.event.ApplicationEventsTestExecutionListener.recordApplicationEvents' -> false]]
]]></system-out>
  <system-err><![CDATA[]]></system-err>
</testsuite>
